crates/ontrack-mobile/android/app/build/intermediates/manifest_merge_blame_file/release/processReleaseMainManifest/manifest-merger-blame-release-report.txt
1<?xml version="1.0" encoding="utf-8"?>
2<!--
3  /qompassai/ontrack-rs/crates/ontrack-mobile/android/app/src/main/AndroidManifest.xml
4  Qompass AI — OnTrack Android manifest
5  Copyright (C) 2026 Qompass AI, All rights reserved.
6-->
7<manifest xmlns:android="http://schemas.android.com/apk/res/android"
8    package="com.qompassai.ontrack"
9    android:versionCode="200"
10    android:versionName="2.0.0" >
11
12    <uses-sdk
12-->INJECTED
13        android:minSdkVersion="26"
13-->INJECTED
14        android:targetSdkVersion="35" />
14-->INJECTED
15
16    <uses-permission android:name="android.permission.INTERNET" />
16-->src/main/AndroidManifest.xml:10:5-67
16-->src/main/AndroidManifest.xml:10:22-64
17    <uses-permission android:name="android.permission.ACCESS_NETWORK_STATE" />
17-->src/main/AndroidManifest.xml:11:5-79
17-->src/main/AndroidManifest.xml:11:22-76
18    <uses-permission android:name="android.permission.ACCESS_COARSE_LOCATION" />
18-->src/main/AndroidManifest.xml:12:5-81
18-->src/main/AndroidManifest.xml:12:22-78
19    <uses-permission android:name="android.permission.ACCESS_FINE_LOCATION" />
19-->src/main/AndroidManifest.xml:13:5-79
19-->src/main/AndroidManifest.xml:13:22-76
20    <uses-permission android:name="android.permission.RECORD_AUDIO" />
20-->src/main/AndroidManifest.xml:14:5-71
20-->src/main/AndroidManifest.xml:14:22-68
21    <uses-permission
21-->src/main/AndroidManifest.xml:15:5-16:51
22        android:name="android.permission.READ_EXTERNAL_STORAGE"
22-->src/main/AndroidManifest.xml:15:22-77
23        android:maxSdkVersion="32" />
23-->src/main/AndroidManifest.xml:16:22-48
24
25    <uses-feature
25-->src/main/AndroidManifest.xml:18:5-87
26        android:name="android.hardware.location"
26-->src/main/AndroidManifest.xml:18:19-59
27        android:required="false" />
27-->src/main/AndroidManifest.xml:18:60-84
28    <uses-feature
28-->src/main/AndroidManifest.xml:19:5-91
29        android:name="android.hardware.location.gps"
29-->src/main/AndroidManifest.xml:19:19-63
30        android:required="false" />
30-->src/main/AndroidManifest.xml:19:64-88
31    <uses-feature
31-->src/main/AndroidManifest.xml:20:5-89
32        android:name="android.hardware.microphone"
32-->src/main/AndroidManifest.xml:20:19-61
33        android:required="false" />
33-->src/main/AndroidManifest.xml:20:62-86
34
35    <application
35-->src/main/AndroidManifest.xml:22:5-50:19
36        android:allowBackup="false"
36-->src/main/AndroidManifest.xml:24:9-36
37        android:extractNativeLibs="false"
37-->INJECTED
38        android:hasFragileUserData="true"
38-->src/main/AndroidManifest.xml:28:9-42
39        android:icon="@mipmap/ic_launcher"
39-->src/main/AndroidManifest.xml:25:9-43
40        android:label="OnTrack"
40-->src/main/AndroidManifest.xml:23:9-32
41        android:roundIcon="@mipmap/ic_launcher_round"
41-->src/main/AndroidManifest.xml:26:9-54
42        android:supportsRtl="true"
42-->src/main/AndroidManifest.xml:29:9-35
43        android:theme="@android:style/Theme.DeviceDefault.NoActionBar" >
43-->src/main/AndroidManifest.xml:27:9-71
44
45        <!--
46             android-activity NativeActivity entry point.
47             The native library name MUST match the cdylib name of
48             ontrack-mobile (libontrack_mobile.so).
49        -->
50        <activity
50-->src/main/AndroidManifest.xml:34:9-49:20
51            android:name="android.app.NativeActivity"
51-->src/main/AndroidManifest.xml:35:13-54
52            android:configChanges="orientation|keyboardHidden|screenSize|screenLayout|smallestScreenSize|uiMode|density"
52-->src/main/AndroidManifest.xml:37:13-121
53            android:exported="true"
53-->src/main/AndroidManifest.xml:36:13-36
54            android:launchMode="singleTask"
54-->src/main/AndroidManifest.xml:39:13-44
55            android:resizeableActivity="true" >
55-->src/main/AndroidManifest.xml:38:13-46
56            <meta-data
56-->src/main/AndroidManifest.xml:41:13-43:50
57                android:name="android.app.lib_name"
57-->src/main/AndroidManifest.xml:42:17-52
58                android:value="ontrack_mobile" />
58-->src/main/AndroidManifest.xml:43:17-47
59
60            <intent-filter>
60-->src/main/AndroidManifest.xml:45:13-48:29
61                <action android:name="android.intent.action.MAIN" />
61-->src/main/AndroidManifest.xml:46:17-69
61-->src/main/AndroidManifest.xml:46:25-66
62
63                <category android:name="android.intent.category.LAUNCHER" />
63-->src/main/AndroidManifest.xml:47:17-77
63-->src/main/AndroidManifest.xml:47:27-74
64            </intent-filter>
65        </activity>
66    </application>
67
68</manifest>